TN:
SF:ArrayUtils.js
FN:1,removeDuplicates
FN:8,flattenArray
FN:13,(anonymous_2)
FNF:3
FNH:3
FNDA:4,removeDuplicates
FNDA:6,flattenArray
FNDA:11,(anonymous_2)
DA:2,4
DA:3,1
DA:5,3
DA:9,6
DA:10,1
DA:12,5
DA:13,11
DA:18,1
LF:8
LH:8
BRDA:2,0,0,1
BRDA:2,0,1,3
BRDA:9,1,0,1
BRDA:9,1,1,5
BRDA:13,2,0,2
BRDA:13,2,1,9
BRF:6
BRH:6
end_of_record
TN:
SF:StringUtils.js
FN:1,isPalindrome
FN:9,reverseWords
FN:15,(anonymous_2)
FNF:3
FNH:3
FNDA:4,isPalindrome
FNDA:3,reverseWords
FNDA:3,(anonymous_2)
DA:2,4
DA:3,1
DA:5,3
DA:6,3
DA:10,3
DA:11,1
DA:13,2
DA:15,3
DA:19,1
LF:9
LH:9
BRDA:2,0,0,1
BRDA:2,0,1,3
BRDA:10,1,0,1
BRDA:10,1,1,2
BRF:4
BRH:4
end_of_record
TN:
SF:index.js
FN:1,add
FN:5,subtract
FN:9,multiply
FN:13,divide
FNF:4
FNH:4
FNDA:1,add
FNDA:1,subtract
FNDA:1,multiply
FNDA:2,divide
DA:2,1
DA:6,1
DA:10,1
DA:14,2
DA:15,1
DA:17,1
DA:20,1
LF:7
LH:7
BRDA:14,0,0,1
BRDA:14,0,1,1
BRF:2
BRH:2
end_of_record
